1687033828.668793 client started (53647): version 3.3a, socket /private/tmp/tmux-501/default, protocol 8
1687033828.668858 on Darwin 22.5.0 Darwin Kernel Version 22.5.0: Mon Apr 24 20:53:44 PDT 2023; root:xnu-8796.121.2~5/RELEASE_ARM64_T8103
1687033828.669119 using libevent 2.1.12-stable (select); utf8proc 2.8.0; ncurses 6.4
1687033828.669160 flags are 0x10010000
1687033828.669172 socket is /private/tmp/tmux-501/default
1687033828.669189 trying connect
1687033828.669262 add peer 0x120048000: 6 (0x0)
1687033828.681879 sending message 100 to peer 0x120048000 (4 bytes)
1687033828.681895 sending message 111 to peer 0x120048000 (8 bytes)
1687033828.681903 sending message 101 to peer 0x120048000 (16 bytes)
1687033828.681911 sending message 109 to peer 0x120048000 (4 bytes)
1687033828.681919 sending message 102 to peer 0x120048000 (13 bytes)
1687033828.681926 sending message 108 to peer 0x120048000 (41 bytes)
1687033828.681934 sending message 112 to peer 0x120048000 (70 bytes)
1687033828.681941 sending message 112 to peer 0x120048000 (5 bytes)
1687033828.681948 sending message 112 to peer 0x120048000 (5 bytes)
1687033828.681955 sending message 112 to peer 0x120048000 (6 bytes)
1687033828.681963 sending message 112 to peer 0x120048000 (6 bytes)
1687033828.681970 sending message 112 to peer 0x120048000 (11 bytes)
1687033828.681977 sending message 112 to peer 0x120048000 (10 bytes)
1687033828.681984 sending message 112 to peer 0x120048000 (13 bytes)
1687033828.681991 sending message 112 to peer 0x120048000 (13 bytes)
1687033828.681998 sending message 112 to peer 0x120048000 (18 bytes)
1687033828.682006 sending message 112 to peer 0x120048000 (11 bytes)
1687033828.682013 sending message 112 to peer 0x120048000 (21 bytes)
1687033828.682020 sending message 112 to peer 0x120048000 (13 bytes)
1687033828.682027 sending message 112 to peer 0x120048000 (7 bytes)
1687033828.682034 sending message 112 to peer 0x120048000 (13 bytes)
1687033828.682041 sending message 112 to peer 0x120048000 (7 bytes)
1687033828.682048 sending message 112 to peer 0x120048000 (13 bytes)
1687033828.682055 sending message 112 to peer 0x120048000 (9 bytes)
1687033828.682062 sending message 112 to peer 0x120048000 (21 bytes)
1687033828.682069 sending message 112 to peer 0x120048000 (13 bytes)
1687033828.682076 sending message 112 to peer 0x120048000 (8 bytes)
1687033828.682083 sending message 112 to peer 0x120048000 (12 bytes)
1687033828.682090 sending message 112 to peer 0x120048000 (13 bytes)
1687033828.682098 sending message 112 to peer 0x120048000 (9 bytes)
1687033828.682105 sending message 112 to peer 0x120048000 (9 bytes)
1687033828.682112 sending message 112 to peer 0x120048000 (12 bytes)
1687033828.682119 sending message 112 to peer 0x120048000 (8 bytes)
1687033828.682126 sending message 112 to peer 0x120048000 (7 bytes)
1687033828.682133 sending message 112 to peer 0x120048000 (7 bytes)
1687033828.682140 sending message 112 to peer 0x120048000 (9 bytes)
1687033828.682147 sending message 112 to peer 0x120048000 (13 bytes)
1687033828.682154 sending message 112 to peer 0x120048000 (9 bytes)
1687033828.682161 sending message 112 to peer 0x120048000 (15 bytes)
1687033828.682168 sending message 112 to peer 0x120048000 (13 bytes)
1687033828.682175 sending message 112 to peer 0x120048000 (12 bytes)
1687033828.682182 sending message 112 to peer 0x120048000 (8 bytes)
1687033828.682189 sending message 112 to peer 0x120048000 (14 bytes)
1687033828.682196 sending message 112 to peer 0x120048000 (9 bytes)
1687033828.682203 sending message 112 to peer 0x120048000 (10 bytes)
1687033828.682210 sending message 112 to peer 0x120048000 (10 bytes)
1687033828.682217 sending message 112 to peer 0x120048000 (10 bytes)
1687033828.682224 sending message 112 to peer 0x120048000 (10 bytes)
1687033828.682231 sending message 112 to peer 0x120048000 (11 bytes)
1687033828.682238 sending message 112 to peer 0x120048000 (10 bytes)
1687033828.682245 sending message 112 to peer 0x120048000 (8 bytes)
1687033828.682252 sending message 112 to peer 0x120048000 (11 bytes)
1687033828.682259 sending message 112 to peer 0x120048000 (11 bytes)
1687033828.682280 sending message 112 to peer 0x120048000 (11 bytes)
1687033828.682286 sending message 112 to peer 0x120048000 (8 bytes)
1687033828.682291 sending message 112 to peer 0x120048000 (8 bytes)
1687033828.682296 sending message 112 to peer 0x120048000 (8 bytes)
1687033828.682301 sending message 112 to peer 0x120048000 (10 bytes)
1687033828.682306 sending message 112 to peer 0x120048000 (10 bytes)
1687033828.682311 sending message 112 to peer 0x120048000 (10 bytes)
1687033828.682316 sending message 112 to peer 0x120048000 (10 bytes)
1687033828.682321 sending message 112 to peer 0x120048000 (10 bytes)
1687033828.682326 sending message 112 to peer 0x120048000 (11 bytes)
1687033828.682331 sending message 112 to peer 0x120048000 (11 bytes)
1687033828.682336 sending message 112 to peer 0x120048000 (10 bytes)
1687033828.682341 sending message 112 to peer 0x120048000 (9 bytes)
1687033828.682347 sending message 112 to peer 0x120048000 (9 bytes)
1687033828.682352 sending message 112 to peer 0x120048000 (12 bytes)
1687033828.682357 sending message 112 to peer 0x120048000 (9 bytes)
1687033828.682361 sending message 112 to peer 0x120048000 (6 bytes)
1687033828.682366 sending message 112 to peer 0x120048000 (13 bytes)
1687033828.682371 sending message 112 to peer 0x120048000 (8 bytes)
1687033828.682376 sending message 112 to peer 0x120048000 (15 bytes)
1687033828.682381 sending message 112 to peer 0x120048000 (13 bytes)
1687033828.682386 sending message 112 to peer 0x120048000 (70 bytes)
1687033828.682391 sending message 112 to peer 0x120048000 (69 bytes)
1687033828.682396 sending message 112 to peer 0x120048000 (10 bytes)
1687033828.682401 sending message 112 to peer 0x120048000 (8 bytes)
1687033828.682406 sending message 112 to peer 0x120048000 (15 bytes)
1687033828.682411 sending message 112 to peer 0x120048000 (13 bytes)
1687033828.682416 sending message 112 to peer 0x120048000 (10 bytes)
1687033828.682421 sending message 112 to peer 0x120048000 (10 bytes)
1687033828.682426 sending message 112 to peer 0x120048000 (5 bytes)
1687033828.682431 sending message 112 to peer 0x120048000 (15 bytes)
1687033828.682437 sending message 104 to peer 0x120048000 (0 bytes)
1687033828.682443 sending message 110 to peer 0x120048000 (0 bytes)
1687033828.682448 sending message 107 to peer 0x120048000 (4 bytes)
1687033828.682453 sending message 105 to peer 0x120048000 (14 bytes)
1687033828.682458 sending message 105 to peer 0x120048000 (20 bytes)
1687033828.682463 sending message 105 to peer 0x120048000 (22 bytes)
1687033828.682468 sending message 105 to peer 0x120048000 (20 bytes)
1687033828.682473 sending message 105 to peer 0x120048000 (37 bytes)
1687033828.682478 sending message 105 to peer 0x120048000 (30 bytes)
1687033828.682483 sending message 105 to peer 0x120048000 (34 bytes)
1687033828.682488 sending message 105 to peer 0x120048000 (60 bytes)
1687033828.682493 sending message 105 to peer 0x120048000 (22 bytes)
1687033828.682498 sending message 105 to peer 0x120048000 (61 bytes)
1687033828.682503 sending message 105 to peer 0x120048000 (15 bytes)
1687033828.682508 sending message 105 to peer 0x120048000 (19 bytes)
1687033828.682513 sending message 105 to peer 0x120048000 (27 bytes)
1687033828.682518 sending message 105 to peer 0x120048000 (16 bytes)
1687033828.682523 sending message 105 to peer 0x120048000 (94 bytes)
1687033828.682528 sending message 105 to peer 0x120048000 (35 bytes)
1687033828.682533 sending message 105 to peer 0x120048000 (496 bytes)
1687033828.682538 sending message 105 to peer 0x120048000 (45 bytes)
1687033828.682543 sending message 105 to peer 0x120048000 (15 bytes)
1687033828.682548 sending message 105 to peer 0x120048000 (8 bytes)
1687033828.682553 sending message 105 to peer 0x120048000 (66 bytes)
1687033828.682558 sending message 105 to peer 0x120048000 (21 bytes)
1687033828.682563 sending message 105 to peer 0x120048000 (18 bytes)
1687033828.682568 sending message 105 to peer 0x120048000 (26 bytes)
1687033828.682573 sending message 105 to peer 0x120048000 (60 bytes)
1687033828.682587 sending message 105 to peer 0x120048000 (57 bytes)
1687033828.682592 sending message 105 to peer 0x120048000 (43 bytes)
1687033828.682597 sending message 105 to peer 0x120048000 (13 bytes)
1687033828.682602 sending message 105 to peer 0x120048000 (13 bytes)
1687033828.682607 sending message 105 to peer 0x120048000 (14 bytes)
1687033828.682612 sending message 105 to peer 0x120048000 (19 bytes)
1687033828.682617 sending message 105 to peer 0x120048000 (43 bytes)
1687033828.682622 sending message 105 to peer 0x120048000 (32 bytes)
1687033828.682627 sending message 105 to peer 0x120048000 (25 bytes)
1687033828.682632 sending message 106 to peer 0x120048000 (0 bytes)
1687033828.682686 sending message 200 to peer 0x120048000 (4 bytes)
1687033828.682693 client loop enter
1687033828.682866 peer 0x120048000 message 303
1687033828.682873 open write file 2 -
1687033828.682885 sending message 305 to peer 0x120048000 (8 bytes)
1687033828.682895 write check file 2
1687033828.682934 peer 0x120048000 message 304
1687033828.682941 write 58 to file 2
1687033828.682947 peer 0x120048000 message 203
1687033828.682952 file 2 58 bytes left
1687033828.682969 write check file 2
1687033828.682974 client loop exit
